<?xml version="1.0" encoding="UTF-8"?>
<!-- Generated by org.testng.reporters.JUnitReportReporter -->
<testsuite hostname="Arun" failures="0" tests="1" name="org.testcases.CreateGoal" time="37.293" errors="0" timestamp="15 Mar 2024 11:31:06 GMT" skipped="0">
  <testcase classname="org.testcases.CreateGoal" name="create_agoal" time="37.293"/>
</testsuite> <!-- org.testcases.CreateGoal -->
