<?xml version="1.0" encoding="UTF-8"?>
<!-- Generated by org.testng.reporters.JUnitReportReporter -->
<testsuite hostname="Arun" failures="0" tests="1" name="org.testcases.LoginTest" time="96.981" errors="0" timestamp="15 Mar 2024 11:31:06 GMT" skipped="0">
  <testcase classname="org.testcases.LoginTest" name="login" time="96.981"/>
</testsuite> <!-- org.testcases.LoginTest -->
