<?xml version="1.0" encoding="UTF-8"?>
<!-- Generated by org.testng.reporters.JUnitReportReporter -->
<testsuite hostname="Arun" failures="0" tests="1" name="org.testsuite.Trainingtestsuite" time="15.249" errors="0" timestamp="02 Apr 2024 10:13:54 GMT" skipped="0">
  <testcase classname="org.testsuite.Trainingtestsuite" name="verify_login_test" time="15.249"/>
</testsuite> <!-- org.testsuite.Trainingtestsuite -->
