<?xml version="1.0" encoding="UTF-8"?>
<!-- Generated by org.testng.reporters.JUnitReportReporter -->
<testsuite hostname="Arun" failures="0" tests="1" name="org.testcases.LoginTest" time="99.922" errors="0" timestamp="16 Mar 2024 04:40:39 GMT" skipped="0">
  <testcase classname="org.testcases.LoginTest" name="login" time="99.922"/>
</testsuite> <!-- org.testcases.LoginTest -->
