<?xml version="1.0" encoding="UTF-8"?>
<!-- Generated by org.testng.reporters.JUnitReportReporter -->
<testsuite hostname="Arun" failures="0" tests="1" name="org.testcases.CreateGoal" time="41.776" errors="0" timestamp="16 Mar 2024 04:57:47 GMT" skipped="0">
  <testcase classname="org.testcases.CreateGoal" name="create_agoal" time="41.776"/>
</testsuite> <!-- org.testcases.CreateGoal -->
